mode: set
github.com/tabeth/concreteq/store/directory/allocator.go:42.58,49.2 4 1
github.com/tabeth/concreteq/store/directory/allocator.go:51.36,57.17 1 1
github.com/tabeth/concreteq/store/directory/allocator.go:57.17,59.3 1 1
github.com/tabeth/concreteq/store/directory/allocator.go:60.2,60.19 1 1
github.com/tabeth/concreteq/store/directory/allocator.go:60.19,62.3 1 1
github.com/tabeth/concreteq/store/directory/allocator.go:63.2,63.13 1 1
github.com/tabeth/concreteq/store/directory/allocator.go:66.113,67.6 1 1
github.com/tabeth/concreteq/store/directory/allocator.go:67.6,70.17 3 1
github.com/tabeth/concreteq/store/directory/allocator.go:70.17,72.4 1 0
github.com/tabeth/concreteq/store/directory/allocator.go:74.3,77.20 3 1
github.com/tabeth/concreteq/store/directory/allocator.go:77.20,79.18 2 1
github.com/tabeth/concreteq/store/directory/allocator.go:79.18,81.5 1 0
github.com/tabeth/concreteq/store/directory/allocator.go:82.4,82.24 1 1
github.com/tabeth/concreteq/store/directory/allocator.go:85.3,86.7 2 1
github.com/tabeth/concreteq/store/directory/allocator.go:86.7,89.22 2 1
github.com/tabeth/concreteq/store/directory/allocator.go:89.22,93.5 3 1
github.com/tabeth/concreteq/store/directory/allocator.go:96.4,102.18 5 1
github.com/tabeth/concreteq/store/directory/allocator.go:102.18,104.5 1 0
github.com/tabeth/concreteq/store/directory/allocator.go:106.4,107.23 2 1
github.com/tabeth/concreteq/store/directory/allocator.go:107.23,109.5 1 0
github.com/tabeth/concreteq/store/directory/allocator.go:109.10,111.19 2 1
github.com/tabeth/concreteq/store/directory/allocator.go:111.19,113.6 1 0
github.com/tabeth/concreteq/store/directory/allocator.go:116.4,117.24 2 1
github.com/tabeth/concreteq/store/directory/allocator.go:117.24,118.10 1 1
github.com/tabeth/concreteq/store/directory/allocator.go:121.4,122.25 2 1
github.com/tabeth/concreteq/store/directory/allocator.go:125.3,125.7 1 1
github.com/tabeth/concreteq/store/directory/allocator.go:125.7,143.18 10 1
github.com/tabeth/concreteq/store/directory/allocator.go:143.18,145.5 1 0
github.com/tabeth/concreteq/store/directory/allocator.go:146.4,146.20 1 1
github.com/tabeth/concreteq/store/directory/allocator.go:146.20,148.19 2 1
github.com/tabeth/concreteq/store/directory/allocator.go:148.19,150.6 1 0
github.com/tabeth/concreteq/store/directory/allocator.go:151.5,152.29 2 1
github.com/tabeth/concreteq/store/directory/allocator.go:152.29,153.11 1 0
github.com/tabeth/concreteq/store/directory/allocator.go:157.4,158.18 2 1
github.com/tabeth/concreteq/store/directory/allocator.go:158.18,160.5 1 0
github.com/tabeth/concreteq/store/directory/allocator.go:161.4,161.16 1 1
github.com/tabeth/concreteq/store/directory/allocator.go:161.16,164.5 2 1
github.com/tabeth/concreteq/store/directory/directory.go:166.39,167.22 1 1
github.com/tabeth/concreteq/store/directory/directory.go:167.22,169.3 1 0
github.com/tabeth/concreteq/store/directory/directory.go:170.2,170.22 1 1
github.com/tabeth/concreteq/store/directory/directory.go:170.22,171.16 1 1
github.com/tabeth/concreteq/store/directory/directory.go:171.16,173.4 1 1
github.com/tabeth/concreteq/store/directory/directory.go:175.2,175.13 1 1
github.com/tabeth/concreteq/store/directory/directory.go:178.109,181.61 2 1
github.com/tabeth/concreteq/store/directory/directory.go:181.61,183.3 1 0
github.com/tabeth/concreteq/store/directory/directory.go:185.2,185.74 1 1
github.com/tabeth/concreteq/store/directory/directory.go:199.93,201.2 1 1
github.com/tabeth/concreteq/store/directory/directory.go:210.90,212.2 1 1
github.com/tabeth/concreteq/store/directory/directory.go:220.87,222.2 1 1
github.com/tabeth/concreteq/store/directory/directory.go:232.92,234.2 1 1
github.com/tabeth/concreteq/store/directory/directory.go:238.65,240.2 1 1
github.com/tabeth/concreteq/store/directory/directory.go:245.88,247.2 1 1
github.com/tabeth/concreteq/store/directory/directory.go:263.23,265.2 1 1
github.com/tabeth/concreteq/store/directory/directory_layer.go:60.97,72.2 7 1
github.com/tabeth/concreteq/store/directory/directory_layer.go:74.185,75.50 1 1
github.com/tabeth/concreteq/store/directory/directory_layer.go:75.50,77.3 1 0
github.com/tabeth/concreteq/store/directory/directory_layer.go:79.2,79.46 1 1
github.com/tabeth/concreteq/store/directory/directory_layer.go:79.46,80.24 1 1
github.com/tabeth/concreteq/store/directory/directory_layer.go:80.24,82.4 1 1
github.com/tabeth/concreteq/store/directory/directory_layer.go:83.3,83.67 1 0
github.com/tabeth/concreteq/store/directory/directory_layer.go:86.2,86.20 1 1
github.com/tabeth/concreteq/store/directory/directory_layer.go:86.20,88.3 1 0
github.com/tabeth/concreteq/store/directory/directory_layer.go:90.2,91.27 2 1
github.com/tabeth/concreteq/store/directory/directory_layer.go:91.27,92.45 1 1
github.com/tabeth/concreteq/store/directory/directory_layer.go:92.45,95.18 3 0
github.com/tabeth/concreteq/store/directory/directory_layer.go:95.18,97.5 1 0
github.com/tabeth/concreteq/store/directory/directory_layer.go:98.4,98.105 1 0
github.com/tabeth/concreteq/store/directory/directory_layer.go:101.3,101.17 1 1
github.com/tabeth/concreteq/store/directory/directory_layer.go:101.17,103.4 1 1
github.com/tabeth/concreteq/store/directory/directory_layer.go:105.3,105.19 1 1
github.com/tabeth/concreteq/store/directory/directory_layer.go:105.19,106.87 1 1
github.com/tabeth/concreteq/store/directory/directory_layer.go:106.87,108.5 1 1
github.com/tabeth/concreteq/store/directory/directory_layer.go:111.3,111.43 1 1
github.com/tabeth/concreteq/store/directory/directory_layer.go:114.2,114.18 1 1
github.com/tabeth/concreteq/store/directory/directory_layer.go:114.18,116.3 1 1
github.com/tabeth/concreteq/store/directory/directory_layer.go:118.2,118.49 1 1
github.com/tabeth/concreteq/store/directory/directory_layer.go:118.49,120.3 1 0
github.com/tabeth/concreteq/store/directory/directory_layer.go:122.2,122.19 1 1
github.com/tabeth/concreteq/store/directory/directory_layer.go:122.19,124.17 2 1
github.com/tabeth/concreteq/store/directory/directory_layer.go:124.17,126.4 1 0
github.com/tabeth/concreteq/store/directory/directory_layer.go:128.3,128.32 1 1
github.com/tabeth/concreteq/store/directory/directory_layer.go:128.32,130.4 1 0
github.com/tabeth/concreteq/store/directory/directory_layer.go:132.3,135.17 3 1
github.com/tabeth/concreteq/store/directory/directory_layer.go:135.17,137.4 1 0
github.com/tabeth/concreteq/store/directory/directory_layer.go:138.3,138.10 1 1
github.com/tabeth/concreteq/store/directory/directory_layer.go:138.10,140.4 1 0
github.com/tabeth/concreteq/store/directory/directory_layer.go:141.8,143.17 2 1
github.com/tabeth/concreteq/store/directory/directory_layer.go:143.17,145.4 1 0
github.com/tabeth/concreteq/store/directory/directory_layer.go:146.3,146.10 1 1
github.com/tabeth/concreteq/store/directory/directory_layer.go:146.10,148.4 1 1
github.com/tabeth/concreteq/store/directory/directory_layer.go:151.2,153.19 2 1
github.com/tabeth/concreteq/store/directory/directory_layer.go:153.19,155.17 2 1
github.com/tabeth/concreteq/store/directory/directory_layer.go:155.17,157.4 1 0
github.com/tabeth/concreteq/store/directory/directory_layer.go:158.3,158.45 1 1
github.com/tabeth/concreteq/store/directory/directory_layer.go:159.8,161.3 1 1
github.com/tabeth/concreteq/store/directory/directory_layer.go:163.2,163.23 1 1
github.com/tabeth/concreteq/store/directory/directory_layer.go:163.23,165.3 1 0
github.com/tabeth/concreteq/store/directory/directory_layer.go:167.2,170.18 3 1
github.com/tabeth/concreteq/store/directory/directory_layer.go:170.18,172.3 1 1
github.com/tabeth/concreteq/store/directory/directory_layer.go:174.2,176.45 2 1
github.com/tabeth/concreteq/store/directory/directory_layer.go:179.113,180.69 1 1
github.com/tabeth/concreteq/store/directory/directory_layer.go:180.69,182.3 1 1
github.com/tabeth/concreteq/store/directory/directory_layer.go:183.2,183.16 1 1
github.com/tabeth/concreteq/store/directory/directory_layer.go:183.16,185.3 1 0
github.com/tabeth/concreteq/store/directory/directory_layer.go:186.2,186.35 1 1
github.com/tabeth/concreteq/store/directory/directory_layer.go:189.107,190.69 1 1
github.com/tabeth/concreteq/store/directory/directory_layer.go:190.69,192.3 1 1
github.com/tabeth/concreteq/store/directory/directory_layer.go:193.2,193.16 1 1
github.com/tabeth/concreteq/store/directory/directory_layer.go:193.16,195.3 1 1
github.com/tabeth/concreteq/store/directory/directory_layer.go:196.2,196.35 1 1
github.com/tabeth/concreteq/store/directory/directory_layer.go:199.128,200.19 1 1
github.com/tabeth/concreteq/store/directory/directory_layer.go:200.19,202.3 1 0
github.com/tabeth/concreteq/store/directory/directory_layer.go:203.2,203.69 1 1
github.com/tabeth/concreteq/store/directory/directory_layer.go:203.69,205.3 1 1
github.com/tabeth/concreteq/store/directory/directory_layer.go:206.2,206.16 1 1
github.com/tabeth/concreteq/store/directory/directory_layer.go:206.16,208.3 1 1
github.com/tabeth/concreteq/store/directory/directory_layer.go:209.2,209.35 1 1
github.com/tabeth/concreteq/store/directory/directory_layer.go:212.110,213.79 1 1
github.com/tabeth/concreteq/store/directory/directory_layer.go:213.79,215.3 1 1
github.com/tabeth/concreteq/store/directory/directory_layer.go:216.2,216.16 1 1
github.com/tabeth/concreteq/store/directory/directory_layer.go:216.16,218.3 1 1
github.com/tabeth/concreteq/store/directory/directory_layer.go:219.2,219.35 1 1
github.com/tabeth/concreteq/store/directory/directory_layer.go:222.85,223.79 1 1
github.com/tabeth/concreteq/store/directory/directory_layer.go:223.79,224.51 1 1
github.com/tabeth/concreteq/store/directory/directory_layer.go:224.51,226.4 1 0
github.com/tabeth/concreteq/store/directory/directory_layer.go:228.3,229.21 2 1
github.com/tabeth/concreteq/store/directory/directory_layer.go:229.21,231.4 1 1
github.com/tabeth/concreteq/store/directory/directory_layer.go:233.3,233.37 1 1
github.com/tabeth/concreteq/store/directory/directory_layer.go:233.37,235.18 2 1
github.com/tabeth/concreteq/store/directory/directory_layer.go:235.18,237.5 1 0
github.com/tabeth/concreteq/store/directory/directory_layer.go:238.4,238.53 1 1
github.com/tabeth/concreteq/store/directory/directory_layer.go:241.3,241.19 1 1
github.com/tabeth/concreteq/store/directory/directory_layer.go:243.2,243.16 1 1
github.com/tabeth/concreteq/store/directory/directory_layer.go:243.16,245.3 1 0
github.com/tabeth/concreteq/store/directory/directory_layer.go:246.2,246.22 1 1
github.com/tabeth/concreteq/store/directory/directory_layer.go:249.108,250.49 1 1
github.com/tabeth/concreteq/store/directory/directory_layer.go:250.49,252.3 1 1
github.com/tabeth/concreteq/store/directory/directory_layer.go:254.2,254.79 1 1
github.com/tabeth/concreteq/store/directory/directory_layer.go:254.79,255.51 1 1
github.com/tabeth/concreteq/store/directory/directory_layer.go:255.51,257.4 1 0
github.com/tabeth/concreteq/store/directory/directory_layer.go:259.3,260.21 2 1
github.com/tabeth/concreteq/store/directory/directory_layer.go:260.21,262.4 1 1
github.com/tabeth/concreteq/store/directory/directory_layer.go:264.3,264.36 1 1
github.com/tabeth/concreteq/store/directory/directory_layer.go:264.36,266.18 2 0
github.com/tabeth/concreteq/store/directory/directory_layer.go:266.18,268.5 1 0
github.com/tabeth/concreteq/store/directory/directory_layer.go:269.4,269.60 1 0
github.com/tabeth/concreteq/store/directory/directory_layer.go:272.3,272.53 1 1
github.com/tabeth/concreteq/store/directory/directory_layer.go:274.2,274.16 1 1
github.com/tabeth/concreteq/store/directory/directory_layer.go:274.16,276.3 1 1
github.com/tabeth/concreteq/store/directory/directory_layer.go:277.2,277.26 1 1
github.com/tabeth/concreteq/store/directory/directory_layer.go:280.104,282.2 1 1
github.com/tabeth/concreteq/store/directory/directory_layer.go:284.112,285.69 1 1
github.com/tabeth/concreteq/store/directory/directory_layer.go:285.69,286.50 1 1
github.com/tabeth/concreteq/store/directory/directory_layer.go:286.50,288.4 1 0
github.com/tabeth/concreteq/store/directory/directory_layer.go:290.3,291.30 2 1
github.com/tabeth/concreteq/store/directory/directory_layer.go:291.30,293.4 1 0
github.com/tabeth/concreteq/store/directory/directory_layer.go:294.3,294.48 1 1
github.com/tabeth/concreteq/store/directory/directory_layer.go:294.48,296.4 1 1
github.com/tabeth/concreteq/store/directory/directory_layer.go:298.3,301.24 3 1
github.com/tabeth/concreteq/store/directory/directory_layer.go:301.24,303.4 1 1
github.com/tabeth/concreteq/store/directory/directory_layer.go:305.3,305.77 1 1
github.com/tabeth/concreteq/store/directory/directory_layer.go:305.77,306.125 1 1
github.com/tabeth/concreteq/store/directory/directory_layer.go:306.125,308.5 1 1
github.com/tabeth/concreteq/store/directory/directory_layer.go:310.4,311.18 2 0
github.com/tabeth/concreteq/store/directory/directory_layer.go:311.18,313.5 1 0
github.com/tabeth/concreteq/store/directory/directory_layer.go:314.4,314.85 1 0
github.com/tabeth/concreteq/store/directory/directory_layer.go:317.3,317.23 1 1
github.com/tabeth/concreteq/store/directory/directory_layer.go:317.23,319.4 1 1
github.com/tabeth/concreteq/store/directory/directory_layer.go:321.3,322.27 2 1
github.com/tabeth/concreteq/store/directory/directory_layer.go:322.27,324.4 1 1
github.com/tabeth/concreteq/store/directory/directory_layer.go:326.3,327.17 2 1
github.com/tabeth/concreteq/store/directory/directory_layer.go:327.17,329.4 1 0
github.com/tabeth/concreteq/store/directory/directory_layer.go:330.3,335.17 4 1
github.com/tabeth/concreteq/store/directory/directory_layer.go:335.17,337.4 1 0
github.com/tabeth/concreteq/store/directory/directory_layer.go:338.3,338.57 1 1
github.com/tabeth/concreteq/store/directory/directory_layer.go:340.2,340.16 1 1
github.com/tabeth/concreteq/store/directory/directory_layer.go:340.16,342.3 1 1
github.com/tabeth/concreteq/store/directory/directory_layer.go:343.2,343.35 1 1
github.com/tabeth/concreteq/store/directory/directory_layer.go:346.80,347.69 1 1
github.com/tabeth/concreteq/store/directory/directory_layer.go:347.69,348.50 1 1
github.com/tabeth/concreteq/store/directory/directory_layer.go:348.50,350.4 1 0
github.com/tabeth/concreteq/store/directory/directory_layer.go:352.3,352.21 1 1
github.com/tabeth/concreteq/store/directory/directory_layer.go:352.21,354.4 1 0
github.com/tabeth/concreteq/store/directory/directory_layer.go:356.3,358.21 2 1
github.com/tabeth/concreteq/store/directory/directory_layer.go:358.21,360.4 1 1
github.com/tabeth/concreteq/store/directory/directory_layer.go:362.3,362.37 1 1
github.com/tabeth/concreteq/store/directory/directory_layer.go:362.37,364.18 2 0
github.com/tabeth/concreteq/store/directory/directory_layer.go:364.18,366.5 1 0
github.com/tabeth/concreteq/store/directory/directory_layer.go:367.4,367.73 1 0
github.com/tabeth/concreteq/store/directory/directory_layer.go:370.3,370.63 1 1
github.com/tabeth/concreteq/store/directory/directory_layer.go:370.63,372.4 1 0
github.com/tabeth/concreteq/store/directory/directory_layer.go:373.3,375.19 2 1
github.com/tabeth/concreteq/store/directory/directory_layer.go:377.2,377.16 1 1
github.com/tabeth/concreteq/store/directory/directory_layer.go:377.16,379.3 1 0
github.com/tabeth/concreteq/store/directory/directory_layer.go:380.2,380.22 1 1
github.com/tabeth/concreteq/store/directory/directory_layer.go:383.92,385.23 2 1
github.com/tabeth/concreteq/store/directory/directory_layer.go:385.23,386.58 1 1
github.com/tabeth/concreteq/store/directory/directory_layer.go:386.58,388.4 1 0
github.com/tabeth/concreteq/store/directory/directory_layer.go:391.2,392.16 2 1
github.com/tabeth/concreteq/store/directory/directory_layer.go:392.16,394.3 1 0
github.com/tabeth/concreteq/store/directory/directory_layer.go:395.2,396.16 2 1
github.com/tabeth/concreteq/store/directory/directory_layer.go:396.16,398.3 1 0
github.com/tabeth/concreteq/store/directory/directory_layer.go:400.2,403.12 3 1
github.com/tabeth/concreteq/store/directory/directory_layer.go:406.78,409.2 2 1
github.com/tabeth/concreteq/store/directory/directory_layer.go:411.44,413.2 1 1
github.com/tabeth/concreteq/store/directory/directory_layer.go:415.45,417.2 1 1
github.com/tabeth/concreteq/store/directory/directory_layer.go:419.126,422.16 3 1
github.com/tabeth/concreteq/store/directory/directory_layer.go:422.16,424.3 1 0
github.com/tabeth/concreteq/store/directory/directory_layer.go:426.2,427.23 2 1
github.com/tabeth/concreteq/store/directory/directory_layer.go:427.23,429.3 1 1
github.com/tabeth/concreteq/store/directory/directory_layer.go:430.2,433.21 3 1
github.com/tabeth/concreteq/store/directory/directory_layer.go:433.21,436.27 3 1
github.com/tabeth/concreteq/store/directory/directory_layer.go:436.27,438.4 1 1
github.com/tabeth/concreteq/store/directory/directory_layer.go:439.3,439.46 1 1
github.com/tabeth/concreteq/store/directory/directory_layer.go:440.8,442.26 2 1
github.com/tabeth/concreteq/store/directory/directory_layer.go:442.26,444.4 1 1
github.com/tabeth/concreteq/store/directory/directory_layer.go:445.3,445.49 1 1
github.com/tabeth/concreteq/store/directory/directory_layer.go:448.2,450.19 3 1
github.com/tabeth/concreteq/store/directory/directory_layer.go:450.19,452.17 2 1
github.com/tabeth/concreteq/store/directory/directory_layer.go:452.17,454.4 1 0
github.com/tabeth/concreteq/store/directory/directory_layer.go:455.3,456.17 2 1
github.com/tabeth/concreteq/store/directory/directory_layer.go:456.17,458.4 1 0
github.com/tabeth/concreteq/store/directory/directory_layer.go:459.3,459.35 1 1
github.com/tabeth/concreteq/store/directory/directory_layer.go:461.2,461.17 1 1
github.com/tabeth/concreteq/store/directory/directory_layer.go:464.102,472.19 5 1
github.com/tabeth/concreteq/store/directory/directory_layer.go:472.19,476.3 2 1
github.com/tabeth/concreteq/store/directory/directory_layer.go:478.2,478.12 1 1
github.com/tabeth/concreteq/store/directory/directory_layer.go:481.108,482.45 1 1
github.com/tabeth/concreteq/store/directory/directory_layer.go:482.45,484.3 1 0
github.com/tabeth/concreteq/store/directory/directory_layer.go:486.2,490.16 4 1
github.com/tabeth/concreteq/store/directory/directory_layer.go:490.16,492.3 1 0
github.com/tabeth/concreteq/store/directory/directory_layer.go:493.2,493.19 1 1
github.com/tabeth/concreteq/store/directory/directory_layer.go:493.19,495.17 2 1
github.com/tabeth/concreteq/store/directory/directory_layer.go:495.17,497.4 1 0
github.com/tabeth/concreteq/store/directory/directory_layer.go:498.3,499.39 2 1
github.com/tabeth/concreteq/store/directory/directory_layer.go:499.39,501.4 1 0
github.com/tabeth/concreteq/store/directory/directory_layer.go:504.2,504.17 1 1
github.com/tabeth/concreteq/store/directory/directory_layer.go:507.93,508.22 1 1
github.com/tabeth/concreteq/store/directory/directory_layer.go:508.22,510.3 1 0
github.com/tabeth/concreteq/store/directory/directory_layer.go:512.2,513.16 2 1
github.com/tabeth/concreteq/store/directory/directory_layer.go:513.16,515.3 1 0
github.com/tabeth/concreteq/store/directory/directory_layer.go:516.2,516.16 1 1
github.com/tabeth/concreteq/store/directory/directory_layer.go:516.16,518.3 1 0
github.com/tabeth/concreteq/store/directory/directory_layer.go:520.2,521.16 2 1
github.com/tabeth/concreteq/store/directory/directory_layer.go:521.16,523.3 1 0
github.com/tabeth/concreteq/store/directory/directory_layer.go:525.2,526.104 2 1
github.com/tabeth/concreteq/store/directory/directory_layer.go:526.104,528.3 1 1
github.com/tabeth/concreteq/store/directory/directory_layer.go:530.2,530.18 1 1
github.com/tabeth/concreteq/store/directory/directory_layer.go:533.91,535.16 2 1
github.com/tabeth/concreteq/store/directory/directory_layer.go:535.16,537.3 1 0
github.com/tabeth/concreteq/store/directory/directory_layer.go:539.2,539.20 1 1
github.com/tabeth/concreteq/store/directory/directory_layer.go:539.20,540.16 1 1
github.com/tabeth/concreteq/store/directory/directory_layer.go:540.16,542.4 1 1
github.com/tabeth/concreteq/store/directory/directory_layer.go:543.3,543.13 1 1
github.com/tabeth/concreteq/store/directory/directory_layer.go:546.2,549.25 3 1
github.com/tabeth/concreteq/store/directory/directory_layer.go:549.25,552.17 3 1
github.com/tabeth/concreteq/store/directory/directory_layer.go:552.17,554.4 1 0
github.com/tabeth/concreteq/store/directory/directory_layer.go:555.3,555.33 1 1
github.com/tabeth/concreteq/store/directory/directory_layer.go:558.2,558.33 1 1
github.com/tabeth/concreteq/store/directory/directory_layer.go:558.33,560.3 1 0
github.com/tabeth/concreteq/store/directory/directory_layer.go:562.2,562.77 1 1
github.com/tabeth/concreteq/store/directory/directory_layer.go:562.77,564.3 1 0
github.com/tabeth/concreteq/store/directory/directory_layer.go:566.2,566.12 1 1
github.com/tabeth/concreteq/store/directory/directory_layer.go:569.66,581.2 5 1
github.com/tabeth/concreteq/store/directory/directory_layer.go:583.121,585.16 2 1
github.com/tabeth/concreteq/store/directory/directory_layer.go:585.16,587.3 1 0
github.com/tabeth/concreteq/store/directory/directory_layer.go:588.2,597.52 7 1
github.com/tabeth/concreteq/store/directory/directory_layer.go:597.52,604.3 6 1
github.com/tabeth/concreteq/store/directory/directory_layer.go:605.2,605.55 1 1
github.com/tabeth/concreteq/store/directory/directory_layer.go:608.74,609.19 1 1
github.com/tabeth/concreteq/store/directory/directory_layer.go:609.19,611.3 1 1
github.com/tabeth/concreteq/store/directory/directory_layer.go:612.2,612.30 1 1
github.com/tabeth/concreteq/store/directory/directory_layer.go:615.77,617.22 2 1
github.com/tabeth/concreteq/store/directory/directory_layer.go:617.22,619.85 2 1
github.com/tabeth/concreteq/store/directory/directory_layer.go:619.85,621.4 1 1
github.com/tabeth/concreteq/store/directory/directory_layer.go:623.2,623.10 1 1
github.com/tabeth/concreteq/store/directory/directory_layer.go:626.75,631.2 4 1
github.com/tabeth/concreteq/store/directory/directory_layer.go:633.62,635.16 2 1
github.com/tabeth/concreteq/store/directory/directory_layer.go:635.16,637.3 1 0
github.com/tabeth/concreteq/store/directory/directory_layer.go:638.2,638.22 1 1
github.com/tabeth/concreteq/store/directory/directory_layer.go:642.96,644.9 2 1
github.com/tabeth/concreteq/store/directory/directory_layer.go:644.9,647.10 2 0
github.com/tabeth/concreteq/store/directory/directory_layer.go:647.10,649.4 1 0
github.com/tabeth/concreteq/store/directory/directory_layer.go:650.3,650.25 1 0
github.com/tabeth/concreteq/store/directory/directory_layer.go:652.2,652.37 1 1
github.com/tabeth/concreteq/store/directory/directory_partition.go:36.78,37.68 1 1
github.com/tabeth/concreteq/store/directory/directory_partition.go:40.45,41.63 1 1
github.com/tabeth/concreteq/store/directory/directory_partition.go:44.58,45.67 1 1
github.com/tabeth/concreteq/store/directory/directory_partition.go:48.83,49.67 1 1
github.com/tabeth/concreteq/store/directory/directory_partition.go:52.80,53.69 1 1
github.com/tabeth/concreteq/store/directory/directory_partition.go:56.66,57.82 1 1
github.com/tabeth/concreteq/store/directory/directory_partition.go:60.47,61.64 1 1
github.com/tabeth/concreteq/store/directory/directory_partition.go:64.86,65.65 1 1
github.com/tabeth/concreteq/store/directory/directory_partition.go:68.86,69.65 1 1
github.com/tabeth/concreteq/store/directory/directory_partition.go:72.48,74.2 1 1
github.com/tabeth/concreteq/store/directory/directory_partition.go:76.76,77.20 1 1
github.com/tabeth/concreteq/store/directory/directory_partition.go:77.20,79.3 1 1
github.com/tabeth/concreteq/store/directory/directory_partition.go:80.2,80.26 1 1
github.com/tabeth/concreteq/store/directory/directory_partition.go:83.108,85.2 1 1
github.com/tabeth/concreteq/store/directory/directory_partition.go:87.84,90.2 2 1
github.com/tabeth/concreteq/store/directory/directory_partition.go:92.89,95.2 2 1
github.com/tabeth/concreteq/store/directory/directory_subspace.go:51.45,53.22 2 1
github.com/tabeth/concreteq/store/directory/directory_subspace.go:53.22,55.3 1 1
github.com/tabeth/concreteq/store/directory/directory_subspace.go:55.8,57.3 1 0
github.com/tabeth/concreteq/store/directory/directory_subspace.go:58.2,58.82 1 1
github.com/tabeth/concreteq/store/directory/directory_subspace.go:61.115,63.2 1 1
github.com/tabeth/concreteq/store/directory/directory_subspace.go:65.109,67.2 1 1
github.com/tabeth/concreteq/store/directory/directory_subspace.go:69.130,71.2 1 1
github.com/tabeth/concreteq/store/directory/directory_subspace.go:73.112,75.2 1 1
github.com/tabeth/concreteq/store/directory/directory_subspace.go:77.106,79.2 1 1
github.com/tabeth/concreteq/store/directory/directory_subspace.go:81.114,83.2 1 1
github.com/tabeth/concreteq/store/directory/directory_subspace.go:85.82,87.2 1 1
github.com/tabeth/concreteq/store/directory/directory_subspace.go:89.87,91.2 1 1
github.com/tabeth/concreteq/store/directory/directory_subspace.go:93.110,95.2 1 1
github.com/tabeth/concreteq/store/directory/directory_subspace.go:97.46,99.2 1 1
github.com/tabeth/concreteq/store/directory/directory_subspace.go:101.47,103.2 1 1
github.com/tabeth/concreteq/store/directory/node.go:39.30,40.23 1 1
github.com/tabeth/concreteq/store/directory/node.go:40.23,42.3 1 1
github.com/tabeth/concreteq/store/directory/node.go:43.2,43.13 1 1
github.com/tabeth/concreteq/store/directory/node.go:46.64,47.16 1 1
github.com/tabeth/concreteq/store/directory/node.go:47.16,49.3 1 1
github.com/tabeth/concreteq/store/directory/node.go:50.2,50.10 1 1
github.com/tabeth/concreteq/store/directory/node.go:53.67,54.21 1 1
github.com/tabeth/concreteq/store/directory/node.go:54.21,57.3 2 1
github.com/tabeth/concreteq/store/directory/node.go:59.2,59.17 1 1
github.com/tabeth/concreteq/store/directory/node.go:62.82,64.2 1 1
github.com/tabeth/concreteq/store/directory/node.go:66.47,68.2 1 1
github.com/tabeth/concreteq/store/directory/node.go:70.95,72.16 2 1
github.com/tabeth/concreteq/store/directory/node.go:72.16,74.3 1 0
github.com/tabeth/concreteq/store/directory/node.go:75.2,75.49 1 1
github.com/tabeth/concreteq/store/fdb.go:49.41,51.2 1 1
github.com/tabeth/concreteq/store/fdb.go:54.39,56.2 1 1
github.com/tabeth/concreteq/store/fdb.go:61.59,65.16 3 1
github.com/tabeth/concreteq/store/fdb.go:65.16,67.3 1 0
github.com/tabeth/concreteq/store/fdb.go:72.2,73.16 2 1
github.com/tabeth/concreteq/store/fdb.go:73.16,75.3 1 0
github.com/tabeth/concreteq/store/fdb.go:77.2,77.41 1 1
github.com/tabeth/concreteq/store/fdb.go:88.126,89.72 1 1
github.com/tabeth/concreteq/store/fdb.go:89.72,92.17 2 1
github.com/tabeth/concreteq/store/fdb.go:92.17,94.4 1 0
github.com/tabeth/concreteq/store/fdb.go:95.3,95.13 1 1
github.com/tabeth/concreteq/store/fdb.go:95.13,97.4 1 1
github.com/tabeth/concreteq/store/fdb.go:100.3,101.17 2 1
github.com/tabeth/concreteq/store/fdb.go:101.17,103.4 1 0
github.com/tabeth/concreteq/store/fdb.go:106.3,106.26 1 1
github.com/tabeth/concreteq/store/fdb.go:106.26,108.18 2 1
github.com/tabeth/concreteq/store/fdb.go:108.18,110.5 1 0
github.com/tabeth/concreteq/store/fdb.go:112.4,112.64 1 1
github.com/tabeth/concreteq/store/fdb.go:116.3,116.20 1 1
github.com/tabeth/concreteq/store/fdb.go:116.20,118.18 2 1
github.com/tabeth/concreteq/store/fdb.go:118.18,120.5 1 0
github.com/tabeth/concreteq/store/fdb.go:121.4,121.57 1 1
github.com/tabeth/concreteq/store/fdb.go:124.3,124.18 1 1
github.com/tabeth/concreteq/store/fdb.go:126.2,126.12 1 1
github.com/tabeth/concreteq/store/fdb.go:131.72,132.72 1 1
github.com/tabeth/concreteq/store/fdb.go:132.72,134.17 2 1
github.com/tabeth/concreteq/store/fdb.go:134.17,136.4 1 0
github.com/tabeth/concreteq/store/fdb.go:137.3,137.14 1 1
github.com/tabeth/concreteq/store/fdb.go:137.14,139.4 1 1
github.com/tabeth/concreteq/store/fdb.go:142.3,143.17 2 1
github.com/tabeth/concreteq/store/fdb.go:143.17,145.4 1 0
github.com/tabeth/concreteq/store/fdb.go:146.3,146.18 1 1
github.com/tabeth/concreteq/store/fdb.go:148.2,148.12 1 1
github.com/tabeth/concreteq/store/fdb.go:155.129,157.85 1 1
github.com/tabeth/concreteq/store/fdb.go:157.85,159.3 1 1
github.com/tabeth/concreteq/store/fdb.go:160.2,160.16 1 1
github.com/tabeth/concreteq/store/fdb.go:160.16,162.3 1 0
github.com/tabeth/concreteq/store/fdb.go:164.2,168.27 3 1
github.com/tabeth/concreteq/store/fdb.go:168.27,169.31 1 1
github.com/tabeth/concreteq/store/fdb.go:169.31,170.45 1 1
github.com/tabeth/concreteq/store/fdb.go:170.45,172.5 1 1
github.com/tabeth/concreteq/store/fdb.go:174.8,176.3 1 1
github.com/tabeth/concreteq/store/fdb.go:179.2,180.21 2 1
github.com/tabeth/concreteq/store/fdb.go:180.21,184.36 2 1
github.com/tabeth/concreteq/store/fdb.go:184.36,185.22 1 1
github.com/tabeth/concreteq/store/fdb.go:185.22,188.10 3 1
github.com/tabeth/concreteq/store/fdb.go:191.3,191.13 1 1
github.com/tabeth/concreteq/store/fdb.go:191.13,194.4 1 0
github.com/tabeth/concreteq/store/fdb.go:197.2,197.39 1 1
github.com/tabeth/concreteq/store/fdb.go:197.39,199.3 1 0
github.com/tabeth/concreteq/store/fdb.go:202.2,206.20 4 1
github.com/tabeth/concreteq/store/fdb.go:206.20,208.3 1 1
github.com/tabeth/concreteq/store/fdb.go:210.2,210.36 1 1
github.com/tabeth/concreteq/store/fdb.go:210.36,212.3 1 1
github.com/tabeth/concreteq/store/fdb.go:214.2,217.54 2 1
github.com/tabeth/concreteq/store/fdb.go:217.54,219.3 1 1
github.com/tabeth/concreteq/store/fdb.go:221.2,221.40 1 1
github.com/tabeth/concreteq/store/fdb.go:225.100,228.89 1 1
github.com/tabeth/concreteq/store/fdb.go:228.89,231.17 2 1
github.com/tabeth/concreteq/store/fdb.go:231.17,233.4 1 0
github.com/tabeth/concreteq/store/fdb.go:234.3,234.14 1 1
github.com/tabeth/concreteq/store/fdb.go:234.14,236.4 1 1
github.com/tabeth/concreteq/store/fdb.go:239.3,240.17 2 1
github.com/tabeth/concreteq/store/fdb.go:240.17,242.4 1 0
github.com/tabeth/concreteq/store/fdb.go:246.3,247.17 2 1
github.com/tabeth/concreteq/store/fdb.go:247.17,249.4 1 0
github.com/tabeth/concreteq/store/fdb.go:252.3,252.27 1 1
github.com/tabeth/concreteq/store/fdb.go:252.27,254.4 1 1
github.com/tabeth/concreteq/store/fdb.go:257.3,258.60 2 1
github.com/tabeth/concreteq/store/fdb.go:258.60,261.4 1 0
github.com/tabeth/concreteq/store/fdb.go:262.3,262.20 1 1
github.com/tabeth/concreteq/store/fdb.go:265.2,265.16 1 1
github.com/tabeth/concreteq/store/fdb.go:265.16,267.3 1 1
github.com/tabeth/concreteq/store/fdb.go:268.2,268.44 1 1
github.com/tabeth/concreteq/store/fdb.go:272.109,275.2 1 1
github.com/tabeth/concreteq/store/fdb.go:278.82,282.2 1 1
github.com/tabeth/concreteq/store/fdb.go:285.71,286.72 1 1
github.com/tabeth/concreteq/store/fdb.go:286.72,288.17 2 1
github.com/tabeth/concreteq/store/fdb.go:288.17,290.4 1 0
github.com/tabeth/concreteq/store/fdb.go:291.3,291.14 1 1
github.com/tabeth/concreteq/store/fdb.go:291.14,293.4 1 1
github.com/tabeth/concreteq/store/fdb.go:295.3,296.17 2 1
github.com/tabeth/concreteq/store/fdb.go:296.17,298.4 1 0
github.com/tabeth/concreteq/store/fdb.go:301.3,303.17 3 1
github.com/tabeth/concreteq/store/fdb.go:303.17,305.4 1 0
github.com/tabeth/concreteq/store/fdb.go:307.3,307.31 1 1
github.com/tabeth/concreteq/store/fdb.go:307.31,309.18 2 1
github.com/tabeth/concreteq/store/fdb.go:309.18,310.28 1 1
github.com/tabeth/concreteq/store/fdb.go:310.28,312.6 1 1
github.com/tabeth/concreteq/store/fdb.go:317.3,320.17 4 1
github.com/tabeth/concreteq/store/fdb.go:320.17,322.4 1 0
github.com/tabeth/concreteq/store/fdb.go:323.3,328.18 3 1
github.com/tabeth/concreteq/store/fdb.go:330.2,330.12 1 1
github.com/tabeth/concreteq/store/fdb.go:341.144,342.75 1 1
github.com/tabeth/concreteq/store/fdb.go:342.75,345.17 2 1
github.com/tabeth/concreteq/store/fdb.go:345.17,347.4 1 0
github.com/tabeth/concreteq/store/fdb.go:348.3,348.14 1 1
github.com/tabeth/concreteq/store/fdb.go:348.14,350.4 1 1
github.com/tabeth/concreteq/store/fdb.go:352.3,353.17 2 1
github.com/tabeth/concreteq/store/fdb.go:353.17,355.4 1 0
github.com/tabeth/concreteq/store/fdb.go:356.3,361.95 3 1
github.com/tabeth/concreteq/store/fdb.go:361.95,365.18 4 1
github.com/tabeth/concreteq/store/fdb.go:365.18,367.5 1 0
github.com/tabeth/concreteq/store/fdb.go:368.4,368.18 1 1
github.com/tabeth/concreteq/store/fdb.go:368.18,370.60 2 1
github.com/tabeth/concreteq/store/fdb.go:370.60,372.6 1 1
github.com/tabeth/concreteq/store/fdb.go:377.3,381.41 5 1
github.com/tabeth/concreteq/store/fdb.go:381.41,384.4 2 1
github.com/tabeth/concreteq/store/fdb.go:387.3,399.13 3 1
github.com/tabeth/concreteq/store/fdb.go:399.13,403.18 3 1
github.com/tabeth/concreteq/store/fdb.go:403.18,405.5 1 0
github.com/tabeth/concreteq/store/fdb.go:406.4,411.38 4 1
github.com/tabeth/concreteq/store/fdb.go:413.9,417.35 3 1
github.com/tabeth/concreteq/store/fdb.go:417.35,419.5 1 1
github.com/tabeth/concreteq/store/fdb.go:420.4,427.28 4 1
github.com/tabeth/concreteq/store/fdb.go:431.3,432.17 2 1
github.com/tabeth/concreteq/store/fdb.go:432.17,434.4 1 0
github.com/tabeth/concreteq/store/fdb.go:435.3,442.28 3 1
github.com/tabeth/concreteq/store/fdb.go:442.28,444.4 1 1
github.com/tabeth/concreteq/store/fdb.go:445.3,445.13 1 1
github.com/tabeth/concreteq/store/fdb.go:445.13,448.4 2 1
github.com/tabeth/concreteq/store/fdb.go:451.3,451.95 1 1
github.com/tabeth/concreteq/store/fdb.go:451.95,455.18 4 1
github.com/tabeth/concreteq/store/fdb.go:455.18,459.5 1 1
github.com/tabeth/concreteq/store/fdb.go:462.3,462.23 1 1
github.com/tabeth/concreteq/store/fdb.go:465.2,465.16 1 1
github.com/tabeth/concreteq/store/fdb.go:465.16,467.3 1 1
github.com/tabeth/concreteq/store/fdb.go:468.2,468.48 1 1
github.com/tabeth/concreteq/store/fdb.go:473.118,480.40 4 1
github.com/tabeth/concreteq/store/fdb.go:480.40,482.3 1 1
github.com/tabeth/concreteq/store/fdb.go:484.2,486.59 2 1
github.com/tabeth/concreteq/store/fdb.go:486.59,488.3 1 1
github.com/tabeth/concreteq/store/fdb.go:489.2,489.68 1 1
github.com/tabeth/concreteq/store/fdb.go:489.68,492.3 1 1
github.com/tabeth/concreteq/store/fdb.go:493.2,493.49 1 1
github.com/tabeth/concreteq/store/fdb.go:493.49,495.3 1 1
github.com/tabeth/concreteq/store/fdb.go:496.2,496.44 1 1
github.com/tabeth/concreteq/store/fdb.go:496.44,498.3 1 1
github.com/tabeth/concreteq/store/fdb.go:499.2,499.80 1 1
github.com/tabeth/concreteq/store/fdb.go:499.80,501.3 1 1
github.com/tabeth/concreteq/store/fdb.go:502.2,502.79 1 1
github.com/tabeth/concreteq/store/fdb.go:502.79,504.3 1 1
github.com/tabeth/concreteq/store/fdb.go:506.2,506.14 1 1
github.com/tabeth/concreteq/store/fdb.go:510.147,511.69 1 1
github.com/tabeth/concreteq/store/fdb.go:511.69,513.3 1 1
github.com/tabeth/concreteq/store/fdb.go:515.2,519.49 4 1
github.com/tabeth/concreteq/store/fdb.go:519.49,520.36 1 1
github.com/tabeth/concreteq/store/fdb.go:520.36,522.9 2 1
github.com/tabeth/concreteq/store/fdb.go:524.3,524.25 1 1
github.com/tabeth/concreteq/store/fdb.go:527.2,527.14 1 1
github.com/tabeth/concreteq/store/fdb.go:527.14,529.3 1 1
github.com/tabeth/concreteq/store/fdb.go:531.2,531.42 1 1
github.com/tabeth/concreteq/store/fdb.go:531.42,532.22 1 1
github.com/tabeth/concreteq/store/fdb.go:532.22,534.4 1 1
github.com/tabeth/concreteq/store/fdb.go:537.2,537.29 1 1
github.com/tabeth/concreteq/store/fdb.go:537.29,539.3 1 0
github.com/tabeth/concreteq/store/fdb.go:540.2,540.22 1 1
github.com/tabeth/concreteq/store/fdb.go:545.115,550.16 4 1
github.com/tabeth/concreteq/store/fdb.go:550.16,552.3 1 0
github.com/tabeth/concreteq/store/fdb.go:553.2,553.57 1 1
github.com/tabeth/concreteq/store/fdb.go:559.101,561.23 2 1
github.com/tabeth/concreteq/store/fdb.go:561.23,563.3 1 1
github.com/tabeth/concreteq/store/fdb.go:563.8,564.29 1 1
github.com/tabeth/concreteq/store/fdb.go:564.29,566.4 1 1
github.com/tabeth/concreteq/store/fdb.go:568.2,571.25 3 1
github.com/tabeth/concreteq/store/fdb.go:571.25,583.89 6 1
github.com/tabeth/concreteq/store/fdb.go:583.89,587.4 3 1
github.com/tabeth/concreteq/store/fdb.go:587.9,587.53 1 0
github.com/tabeth/concreteq/store/fdb.go:587.53,591.4 3 0
github.com/tabeth/concreteq/store/fdb.go:593.2,593.20 1 1
github.com/tabeth/concreteq/store/fdb.go:597.92,599.28 2 1
github.com/tabeth/concreteq/store/fdb.go:599.28,601.3 1 1
github.com/tabeth/concreteq/store/fdb.go:602.2,605.25 3 1
github.com/tabeth/concreteq/store/fdb.go:605.25,613.46 6 1
github.com/tabeth/concreteq/store/fdb.go:613.46,617.4 3 1
github.com/tabeth/concreteq/store/fdb.go:617.9,617.53 1 1
github.com/tabeth/concreteq/store/fdb.go:617.53,621.4 3 1
github.com/tabeth/concreteq/store/fdb.go:623.2,623.20 1 1
github.com/tabeth/concreteq/store/fdb.go:629.155,630.75 1 1
github.com/tabeth/concreteq/store/fdb.go:630.75,632.17 2 1
github.com/tabeth/concreteq/store/fdb.go:632.17,634.4 1 0
github.com/tabeth/concreteq/store/fdb.go:635.3,635.14 1 1
github.com/tabeth/concreteq/store/fdb.go:635.14,637.4 1 1
github.com/tabeth/concreteq/store/fdb.go:639.3,640.17 2 1
github.com/tabeth/concreteq/store/fdb.go:640.17,642.4 1 0
github.com/tabeth/concreteq/store/fdb.go:643.3,649.37 5 1
github.com/tabeth/concreteq/store/fdb.go:649.37,652.33 1 1
github.com/tabeth/concreteq/store/fdb.go:652.33,653.61 1 1
github.com/tabeth/concreteq/store/fdb.go:653.61,655.14 2 0
github.com/tabeth/concreteq/store/fdb.go:657.5,657.15 1 1
github.com/tabeth/concreteq/store/fdb.go:657.15,659.14 2 1
github.com/tabeth/concreteq/store/fdb.go:662.4,662.45 1 1
github.com/tabeth/concreteq/store/fdb.go:662.45,664.13 2 1
github.com/tabeth/concreteq/store/fdb.go:668.4,668.92 1 1
github.com/tabeth/concreteq/store/fdb.go:668.92,672.19 4 1
github.com/tabeth/concreteq/store/fdb.go:672.19,674.14 2 0
github.com/tabeth/concreteq/store/fdb.go:676.5,676.19 1 1
github.com/tabeth/concreteq/store/fdb.go:676.19,678.61 2 1
github.com/tabeth/concreteq/store/fdb.go:678.61,680.15 2 1
github.com/tabeth/concreteq/store/fdb.go:686.4,690.40 5 1
github.com/tabeth/concreteq/store/fdb.go:690.40,693.5 2 0
github.com/tabeth/concreteq/store/fdb.go:694.4,705.14 3 1
github.com/tabeth/concreteq/store/fdb.go:705.14,708.19 3 1
github.com/tabeth/concreteq/store/fdb.go:708.19,710.14 2 0
github.com/tabeth/concreteq/store/fdb.go:712.5,715.39 4 1
github.com/tabeth/concreteq/store/fdb.go:716.10,719.34 3 1
github.com/tabeth/concreteq/store/fdb.go:719.34,721.6 1 0
github.com/tabeth/concreteq/store/fdb.go:722.5,726.29 4 1
github.com/tabeth/concreteq/store/fdb.go:729.4,730.18 2 1
github.com/tabeth/concreteq/store/fdb.go:730.18,732.13 2 0
github.com/tabeth/concreteq/store/fdb.go:734.4,742.29 3 1
github.com/tabeth/concreteq/store/fdb.go:742.29,744.5 1 0
github.com/tabeth/concreteq/store/fdb.go:745.4,745.14 1 1
github.com/tabeth/concreteq/store/fdb.go:745.14,748.5 2 1
github.com/tabeth/concreteq/store/fdb.go:749.4,752.92 2 1
github.com/tabeth/concreteq/store/fdb.go:752.92,756.19 4 1
github.com/tabeth/concreteq/store/fdb.go:756.19,758.6 1 1
github.com/tabeth/concreteq/store/fdb.go:762.3,762.87 1 1
github.com/tabeth/concreteq/store/fdb.go:765.2,765.16 1 1
github.com/tabeth/concreteq/store/fdb.go:765.16,769.3 1 1
github.com/tabeth/concreteq/store/fdb.go:771.2,771.53 1 1
github.com/tabeth/concreteq/store/fdb.go:778.211,792.33 7 1
github.com/tabeth/concreteq/store/fdb.go:792.33,802.22 6 1
github.com/tabeth/concreteq/store/fdb.go:802.22,806.18 3 1
github.com/tabeth/concreteq/store/fdb.go:806.18,807.13 1 0
github.com/tabeth/concreteq/store/fdb.go:810.4,813.37 3 1
github.com/tabeth/concreteq/store/fdb.go:813.37,816.13 1 0
github.com/tabeth/concreteq/store/fdb.go:818.4,819.57 2 1
github.com/tabeth/concreteq/store/fdb.go:819.57,820.13 1 0
github.com/tabeth/concreteq/store/fdb.go:825.4,831.30 5 1
github.com/tabeth/concreteq/store/fdb.go:831.30,833.5 1 1
github.com/tabeth/concreteq/store/fdb.go:836.4,837.18 2 1
github.com/tabeth/concreteq/store/fdb.go:837.18,838.13 1 0
github.com/tabeth/concreteq/store/fdb.go:840.4,872.46 12 1
github.com/tabeth/concreteq/store/fdb.go:872.46,874.50 2 0
github.com/tabeth/concreteq/store/fdb.go:874.50,876.6 1 0
github.com/tabeth/concreteq/store/fdb.go:877.5,879.49 3 0
github.com/tabeth/concreteq/store/fdb.go:881.4,884.44 2 1
github.com/tabeth/concreteq/store/fdb.go:884.44,885.10 1 1
github.com/tabeth/concreteq/store/fdb.go:890.3,890.43 1 1
github.com/tabeth/concreteq/store/fdb.go:890.43,891.9 1 1
github.com/tabeth/concreteq/store/fdb.go:895.2,895.30 1 1
github.com/tabeth/concreteq/store/fdb.go:899.207,908.39 6 1
github.com/tabeth/concreteq/store/fdb.go:908.39,911.17 3 1
github.com/tabeth/concreteq/store/fdb.go:911.17,913.4 1 0
github.com/tabeth/concreteq/store/fdb.go:914.3,914.17 1 1
github.com/tabeth/concreteq/store/fdb.go:914.17,919.62 2 1
github.com/tabeth/concreteq/store/fdb.go:919.62,920.42 1 1
github.com/tabeth/concreteq/store/fdb.go:920.42,922.6 1 1
github.com/tabeth/concreteq/store/fdb.go:927.2,933.82 3 1
github.com/tabeth/concreteq/store/fdb.go:933.82,936.22 3 1
github.com/tabeth/concreteq/store/fdb.go:936.22,939.18 3 1
github.com/tabeth/concreteq/store/fdb.go:939.18,940.13 1 0
github.com/tabeth/concreteq/store/fdb.go:942.4,943.32 2 1
github.com/tabeth/concreteq/store/fdb.go:943.32,944.13 1 1
github.com/tabeth/concreteq/store/fdb.go:946.4,951.18 4 1
github.com/tabeth/concreteq/store/fdb.go:951.18,953.5 1 0
github.com/tabeth/concreteq/store/fdb.go:955.4,955.22 1 1
github.com/tabeth/concreteq/store/fdb.go:955.22,957.39 2 1
github.com/tabeth/concreteq/store/fdb.go:957.39,958.14 1 1
github.com/tabeth/concreteq/store/fdb.go:961.4,961.23 1 1
github.com/tabeth/concreteq/store/fdb.go:963.3,963.17 1 1
github.com/tabeth/concreteq/store/fdb.go:967.2,969.16 3 1
github.com/tabeth/concreteq/store/fdb.go:969.16,971.3 1 0
github.com/tabeth/concreteq/store/fdb.go:973.2,975.29 3 1
github.com/tabeth/concreteq/store/fdb.go:975.29,979.3 1 1
github.com/tabeth/concreteq/store/fdb.go:982.2,983.16 2 1
github.com/tabeth/concreteq/store/fdb.go:983.16,985.3 1 0
github.com/tabeth/concreteq/store/fdb.go:988.2,988.25 1 1
github.com/tabeth/concreteq/store/fdb.go:988.25,990.17 2 1
github.com/tabeth/concreteq/store/fdb.go:990.17,992.4 1 0
github.com/tabeth/concreteq/store/fdb.go:996.2,996.25 1 1
github.com/tabeth/concreteq/store/fdb.go:996.25,998.3 1 1
github.com/tabeth/concreteq/store/fdb.go:1002.2,1004.16 3 1
github.com/tabeth/concreteq/store/fdb.go:1004.16,1006.3 1 0
github.com/tabeth/concreteq/store/fdb.go:1007.2,1010.21 3 1
github.com/tabeth/concreteq/store/fdb.go:1010.21,1015.36 4 1
github.com/tabeth/concreteq/store/fdb.go:1015.36,1016.12 1 1
github.com/tabeth/concreteq/store/fdb.go:1018.3,1019.56 2 1
github.com/tabeth/concreteq/store/fdb.go:1019.56,1020.12 1 0
github.com/tabeth/concreteq/store/fdb.go:1025.3,1042.45 8 1
github.com/tabeth/concreteq/store/fdb.go:1042.45,1044.49 2 0
github.com/tabeth/concreteq/store/fdb.go:1044.49,1046.5 1 0
github.com/tabeth/concreteq/store/fdb.go:1047.4,1049.48 3 0
github.com/tabeth/concreteq/store/fdb.go:1051.3,1051.59 1 1
github.com/tabeth/concreteq/store/fdb.go:1056.2,1056.31 1 1
github.com/tabeth/concreteq/store/fdb.go:1056.31,1065.40 4 1
github.com/tabeth/concreteq/store/fdb.go:1065.40,1073.4 4 1
github.com/tabeth/concreteq/store/fdb.go:1076.2,1076.30 1 1
github.com/tabeth/concreteq/store/fdb.go:1080.149,1082.33 2 1
github.com/tabeth/concreteq/store/fdb.go:1082.33,1084.3 1 1
github.com/tabeth/concreteq/store/fdb.go:1085.2,1086.29 2 1
github.com/tabeth/concreteq/store/fdb.go:1086.29,1088.3 1 1
github.com/tabeth/concreteq/store/fdb.go:1090.2,1095.6 3 1
github.com/tabeth/concreteq/store/fdb.go:1095.6,1096.83 1 1
github.com/tabeth/concreteq/store/fdb.go:1096.83,1098.18 2 1
github.com/tabeth/concreteq/store/fdb.go:1098.18,1100.5 1 0
github.com/tabeth/concreteq/store/fdb.go:1101.4,1101.15 1 1
github.com/tabeth/concreteq/store/fdb.go:1101.15,1103.5 1 0
github.com/tabeth/concreteq/store/fdb.go:1105.4,1106.18 2 1
github.com/tabeth/concreteq/store/fdb.go:1106.18,1108.5 1 0
github.com/tabeth/concreteq/store/fdb.go:1112.4,1114.18 3 1
github.com/tabeth/concreteq/store/fdb.go:1114.18,1116.5 1 0
github.com/tabeth/concreteq/store/fdb.go:1117.4,1117.27 1 1
github.com/tabeth/concreteq/store/fdb.go:1117.27,1119.5 1 1
github.com/tabeth/concreteq/store/fdb.go:1121.4,1122.61 2 1
github.com/tabeth/concreteq/store/fdb.go:1122.61,1123.51 1 1
github.com/tabeth/concreteq/store/fdb.go:1123.51,1125.6 1 1
github.com/tabeth/concreteq/store/fdb.go:1127.4,1127.33 1 1
github.com/tabeth/concreteq/store/fdb.go:1127.33,1129.5 1 1
github.com/tabeth/concreteq/store/fdb.go:1132.4,1132.14 1 1
github.com/tabeth/concreteq/store/fdb.go:1132.14,1134.5 1 1
github.com/tabeth/concreteq/store/fdb.go:1134.10,1136.5 1 1
github.com/tabeth/concreteq/store/fdb.go:1139.3,1139.17 1 1
github.com/tabeth/concreteq/store/fdb.go:1139.17,1141.4 1 0
github.com/tabeth/concreteq/store/fdb.go:1143.3,1144.25 2 1
github.com/tabeth/concreteq/store/fdb.go:1144.25,1146.4 1 1
github.com/tabeth/concreteq/store/fdb.go:1149.3,1149.24 1 1
github.com/tabeth/concreteq/store/fdb.go:1149.24,1151.4 1 1
github.com/tabeth/concreteq/store/fdb.go:1154.3,1154.59 1 1
github.com/tabeth/concreteq/store/fdb.go:1154.59,1156.4 1 1
github.com/tabeth/concreteq/store/fdb.go:1159.3,1159.37 1 1
github.com/tabeth/concreteq/store/fdb.go:1164.101,1165.72 1 1
github.com/tabeth/concreteq/store/fdb.go:1165.72,1167.17 2 1
github.com/tabeth/concreteq/store/fdb.go:1167.17,1169.4 1 0
github.com/tabeth/concreteq/store/fdb.go:1170.3,1170.14 1 1
github.com/tabeth/concreteq/store/fdb.go:1170.14,1172.4 1 1
github.com/tabeth/concreteq/store/fdb.go:1174.3,1175.17 2 1
github.com/tabeth/concreteq/store/fdb.go:1175.17,1177.4 1 0
github.com/tabeth/concreteq/store/fdb.go:1179.3,1185.17 5 1
github.com/tabeth/concreteq/store/fdb.go:1185.17,1187.4 1 0
github.com/tabeth/concreteq/store/fdb.go:1190.3,1190.26 1 1
github.com/tabeth/concreteq/store/fdb.go:1190.26,1192.4 1 1
github.com/tabeth/concreteq/store/fdb.go:1194.3,1195.68 2 1
github.com/tabeth/concreteq/store/fdb.go:1195.68,1197.4 1 1
github.com/tabeth/concreteq/store/fdb.go:1199.3,1204.17 3 1
github.com/tabeth/concreteq/store/fdb.go:1204.17,1206.4 1 0
github.com/tabeth/concreteq/store/fdb.go:1207.3,1207.22 1 1
github.com/tabeth/concreteq/store/fdb.go:1207.22,1209.14 2 1
github.com/tabeth/concreteq/store/fdb.go:1209.14,1211.86 2 1
github.com/tabeth/concreteq/store/fdb.go:1211.86,1214.6 2 1
github.com/tabeth/concreteq/store/fdb.go:1219.3,1223.61 2 1
github.com/tabeth/concreteq/store/fdb.go:1223.61,1226.18 2 1
github.com/tabeth/concreteq/store/fdb.go:1226.18,1228.5 1 1
github.com/tabeth/concreteq/store/fdb.go:1229.9,1229.66 1 1
github.com/tabeth/concreteq/store/fdb.go:1229.66,1232.18 2 1
github.com/tabeth/concreteq/store/fdb.go:1232.18,1234.5 1 1
github.com/tabeth/concreteq/store/fdb.go:1238.3,1240.18 2 1
github.com/tabeth/concreteq/store/fdb.go:1242.2,1242.12 1 1
github.com/tabeth/concreteq/store/fdb.go:1246.171,1247.75 1 1
github.com/tabeth/concreteq/store/fdb.go:1247.75,1249.17 2 1
github.com/tabeth/concreteq/store/fdb.go:1249.17,1251.4 1 0
github.com/tabeth/concreteq/store/fdb.go:1252.3,1252.14 1 1
github.com/tabeth/concreteq/store/fdb.go:1252.14,1256.4 1 0
github.com/tabeth/concreteq/store/fdb.go:1258.3,1259.17 2 1
github.com/tabeth/concreteq/store/fdb.go:1259.17,1261.4 1 0
github.com/tabeth/concreteq/store/fdb.go:1263.3,1271.33 6 1
github.com/tabeth/concreteq/store/fdb.go:1271.33,1275.18 4 1
github.com/tabeth/concreteq/store/fdb.go:1275.18,1278.5 1 0
github.com/tabeth/concreteq/store/fdb.go:1281.4,1281.27 1 1
github.com/tabeth/concreteq/store/fdb.go:1281.27,1283.13 2 1
github.com/tabeth/concreteq/store/fdb.go:1286.4,1287.69 2 1
github.com/tabeth/concreteq/store/fdb.go:1287.69,1289.13 2 1
github.com/tabeth/concreteq/store/fdb.go:1292.4,1293.11 2 1
github.com/tabeth/concreteq/store/fdb.go:1293.11,1295.13 2 0
github.com/tabeth/concreteq/store/fdb.go:1299.4,1300.18 2 1
github.com/tabeth/concreteq/store/fdb.go:1300.18,1302.5 1 0
github.com/tabeth/concreteq/store/fdb.go:1303.4,1303.33 1 1
github.com/tabeth/concreteq/store/fdb.go:1303.33,1305.86 2 0
github.com/tabeth/concreteq/store/fdb.go:1305.86,1308.6 2 0
github.com/tabeth/concreteq/store/fdb.go:1310.4,1312.62 3 1
github.com/tabeth/concreteq/store/fdb.go:1312.62,1314.19 2 0
github.com/tabeth/concreteq/store/fdb.go:1314.19,1316.6 1 0
github.com/tabeth/concreteq/store/fdb.go:1319.4,1319.87 1 1
github.com/tabeth/concreteq/store/fdb.go:1322.3,1322.89 1 1
github.com/tabeth/concreteq/store/fdb.go:1325.2,1325.16 1 1
github.com/tabeth/concreteq/store/fdb.go:1325.16,1327.3 1 0
github.com/tabeth/concreteq/store/fdb.go:1329.2,1329.55 1 1
github.com/tabeth/concreteq/store/fdb.go:1334.134,1335.72 1 1
github.com/tabeth/concreteq/store/fdb.go:1335.72,1337.17 2 1
github.com/tabeth/concreteq/store/fdb.go:1337.17,1339.4 1 0
github.com/tabeth/concreteq/store/fdb.go:1340.3,1340.14 1 1
github.com/tabeth/concreteq/store/fdb.go:1340.14,1342.4 1 0
github.com/tabeth/concreteq/store/fdb.go:1344.3,1345.17 2 1
github.com/tabeth/concreteq/store/fdb.go:1345.17,1347.4 1 0
github.com/tabeth/concreteq/store/fdb.go:1349.3,1356.17 6 1
github.com/tabeth/concreteq/store/fdb.go:1356.17,1358.4 1 0
github.com/tabeth/concreteq/store/fdb.go:1359.3,1359.26 1 1
github.com/tabeth/concreteq/store/fdb.go:1359.26,1361.4 1 1
github.com/tabeth/concreteq/store/fdb.go:1363.3,1364.68 2 1
github.com/tabeth/concreteq/store/fdb.go:1364.68,1366.4 1 0
github.com/tabeth/concreteq/store/fdb.go:1368.3,1369.10 2 1
github.com/tabeth/concreteq/store/fdb.go:1369.10,1371.4 1 0
github.com/tabeth/concreteq/store/fdb.go:1374.3,1375.17 2 1
github.com/tabeth/concreteq/store/fdb.go:1375.17,1377.4 1 0
github.com/tabeth/concreteq/store/fdb.go:1378.3,1378.22 1 1
github.com/tabeth/concreteq/store/fdb.go:1378.22,1383.4 2 0
github.com/tabeth/concreteq/store/fdb.go:1384.3,1385.56 2 1
github.com/tabeth/concreteq/store/fdb.go:1385.56,1387.4 1 0
github.com/tabeth/concreteq/store/fdb.go:1391.3,1391.59 1 1
github.com/tabeth/concreteq/store/fdb.go:1391.59,1393.18 2 1
github.com/tabeth/concreteq/store/fdb.go:1393.18,1395.5 1 1
github.com/tabeth/concreteq/store/fdb.go:1399.3,1404.17 5 1
github.com/tabeth/concreteq/store/fdb.go:1404.17,1406.4 1 0
github.com/tabeth/concreteq/store/fdb.go:1407.3,1419.17 7 1
github.com/tabeth/concreteq/store/fdb.go:1419.17,1421.4 1 0
github.com/tabeth/concreteq/store/fdb.go:1422.3,1424.18 2 1
github.com/tabeth/concreteq/store/fdb.go:1426.2,1426.12 1 1
github.com/tabeth/concreteq/store/fdb.go:1429.166,1432.2 1 1
github.com/tabeth/concreteq/store/fdb.go:1434.119,1437.2 1 1
github.com/tabeth/concreteq/store/fdb.go:1439.89,1442.2 1 1
github.com/tabeth/concreteq/store/fdb.go:1444.100,1447.2 1 1
github.com/tabeth/concreteq/store/fdb.go:1449.98,1452.2 1 1
github.com/tabeth/concreteq/store/fdb.go:1454.94,1457.2 1 1
github.com/tabeth/concreteq/store/fdb.go:1459.103,1462.2 1 1
github.com/tabeth/concreteq/store/fdb.go:1464.112,1467.2 1 1
github.com/tabeth/concreteq/store/fdb.go:1469.88,1472.2 1 1
github.com/tabeth/concreteq/store/fdb.go:1474.98,1477.2 1 1
github.com/tabeth/concreteq/handlers.go:31.108,39.2 4 1
github.com/tabeth/concreteq/handlers.go:43.49,73.2 14 1
github.com/tabeth/concreteq/handlers.go:79.72,84.48 3 1
github.com/tabeth/concreteq/handlers.go:84.48,87.3 2 1
github.com/tabeth/concreteq/handlers.go:88.2,92.16 2 1
github.com/tabeth/concreteq/handlers.go:93.21,94.31 1 1
github.com/tabeth/concreteq/handlers.go:95.21,96.31 1 1
github.com/tabeth/concreteq/handlers.go:97.21,98.31 1 1
github.com/tabeth/concreteq/handlers.go:99.20,100.30 1 1
github.com/tabeth/concreteq/handlers.go:101.20,102.30 1 1
github.com/tabeth/concreteq/handlers.go:103.24,104.34 1 1
github.com/tabeth/concreteq/handlers.go:105.23,106.33 1 1
github.com/tabeth/concreteq/handlers.go:107.28,108.38 1 1
github.com/tabeth/concreteq/handlers.go:109.33,110.43 1 1
github.com/tabeth/concreteq/handlers.go:111.28,112.38 1 1
github.com/tabeth/concreteq/handlers.go:113.28,114.38 1 1
github.com/tabeth/concreteq/handlers.go:115.21,116.31 1 1
github.com/tabeth/concreteq/handlers.go:117.38,118.48 1 1
github.com/tabeth/concreteq/handlers.go:119.23,120.33 1 1
github.com/tabeth/concreteq/handlers.go:121.26,122.36 1 1
github.com/tabeth/concreteq/handlers.go:123.23,124.33 1 1
github.com/tabeth/concreteq/handlers.go:125.18,126.28 1 1
github.com/tabeth/concreteq/handlers.go:127.20,128.30 1 1
github.com/tabeth/concreteq/handlers.go:129.36,130.46 1 1
github.com/tabeth/concreteq/handlers.go:131.30,132.40 1 1
github.com/tabeth/concreteq/handlers.go:133.31,134.41 1 1
github.com/tabeth/concreteq/handlers.go:135.30,136.40 1 1
github.com/tabeth/concreteq/handlers.go:137.10,138.108 1 0
github.com/tabeth/concreteq/handlers.go:152.62,154.16 2 1
github.com/tabeth/concreteq/handlers.go:154.16,156.3 1 0
github.com/tabeth/concreteq/handlers.go:157.2,157.28 1 1
github.com/tabeth/concreteq/handlers.go:157.28,159.3 1 1
github.com/tabeth/concreteq/handlers.go:160.2,160.12 1 1
github.com/tabeth/concreteq/handlers.go:166.61,167.35 1 1
github.com/tabeth/concreteq/handlers.go:167.35,169.14 2 1
github.com/tabeth/concreteq/handlers.go:170.23,171.43 1 1
github.com/tabeth/concreteq/handlers.go:172.29,173.49 1 0
github.com/tabeth/concreteq/handlers.go:174.33,175.48 1 0
github.com/tabeth/concreteq/handlers.go:176.40,177.42 1 0
github.com/tabeth/concreteq/handlers.go:178.28,179.45 1 1
github.com/tabeth/concreteq/handlers.go:180.49,181.39 1 1
github.com/tabeth/concreteq/handlers.go:181.39,183.5 1 0
github.com/tabeth/concreteq/handlers.go:184.24,190.71 2 1
github.com/tabeth/concreteq/handlers.go:190.71,192.5 1 1
github.com/tabeth/concreteq/handlers.go:192.10,193.41 1 1
github.com/tabeth/concreteq/handlers.go:193.41,195.6 1 0
github.com/tabeth/concreteq/handlers.go:196.5,196.108 1 1
github.com/tabeth/concreteq/handlers.go:196.108,198.6 1 1
github.com/tabeth/concreteq/handlers.go:200.29,201.47 1 1
github.com/tabeth/concreteq/handlers.go:201.47,203.5 1 0
github.com/tabeth/concreteq/handlers.go:204.30,205.55 1 0
github.com/tabeth/concreteq/handlers.go:205.55,207.5 1 0
github.com/tabeth/concreteq/handlers.go:209.3,209.17 1 1
github.com/tabeth/concreteq/handlers.go:209.17,211.4 1 1
github.com/tabeth/concreteq/handlers.go:213.2,213.12 1 1
github.com/tabeth/concreteq/handlers.go:221.76,223.61 2 1
github.com/tabeth/concreteq/handlers.go:223.61,226.3 2 0
github.com/tabeth/concreteq/handlers.go:229.2,229.48 1 1
github.com/tabeth/concreteq/handlers.go:229.48,232.3 2 1
github.com/tabeth/concreteq/handlers.go:235.2,238.55 3 1
github.com/tabeth/concreteq/handlers.go:238.55,241.3 2 1
github.com/tabeth/concreteq/handlers.go:242.2,242.53 1 1
github.com/tabeth/concreteq/handlers.go:242.53,245.3 2 1
github.com/tabeth/concreteq/handlers.go:248.2,248.59 1 1
github.com/tabeth/concreteq/handlers.go:248.59,251.3 2 1
github.com/tabeth/concreteq/handlers.go:254.2,254.13 1 1
github.com/tabeth/concreteq/handlers.go:254.13,255.64 1 1
github.com/tabeth/concreteq/handlers.go:255.64,258.4 2 1
github.com/tabeth/concreteq/handlers.go:259.3,259.65 1 1
github.com/tabeth/concreteq/handlers.go:259.65,262.4 2 0
github.com/tabeth/concreteq/handlers.go:266.2,266.67 1 1
github.com/tabeth/concreteq/handlers.go:266.67,267.79 1 0
github.com/tabeth/concreteq/handlers.go:267.79,268.63 1 0
github.com/tabeth/concreteq/handlers.go:268.63,271.5 2 0
github.com/tabeth/concreteq/handlers.go:276.2,277.16 2 1
github.com/tabeth/concreteq/handlers.go:277.16,279.50 1 1
github.com/tabeth/concreteq/handlers.go:279.50,282.4 2 1
github.com/tabeth/concreteq/handlers.go:283.3,284.9 2 0
github.com/tabeth/concreteq/handlers.go:288.2,289.18 2 1
github.com/tabeth/concreteq/handlers.go:289.18,291.3 1 0
github.com/tabeth/concreteq/handlers.go:292.2,300.33 5 1
github.com/tabeth/concreteq/handlers.go:304.76,306.61 2 1
github.com/tabeth/concreteq/handlers.go:306.61,309.3 2 0
github.com/tabeth/concreteq/handlers.go:310.2,310.24 1 1
github.com/tabeth/concreteq/handlers.go:310.24,313.3 2 1
github.com/tabeth/concreteq/handlers.go:315.2,318.16 3 1
github.com/tabeth/concreteq/handlers.go:318.16,319.49 1 1
github.com/tabeth/concreteq/handlers.go:319.49,322.4 2 1
github.com/tabeth/concreteq/handlers.go:323.3,324.9 2 0
github.com/tabeth/concreteq/handlers.go:327.2,327.30 1 1
github.com/tabeth/concreteq/handlers.go:331.75,333.61 2 1
github.com/tabeth/concreteq/handlers.go:333.62,336.3 0 1
github.com/tabeth/concreteq/handlers.go:339.2,340.16 2 1
github.com/tabeth/concreteq/handlers.go:340.16,343.3 2 1
github.com/tabeth/concreteq/handlers.go:346.2,346.51 1 1
github.com/tabeth/concreteq/handlers.go:346.51,348.3 1 1
github.com/tabeth/concreteq/handlers.go:352.2,353.18 2 1
github.com/tabeth/concreteq/handlers.go:353.18,355.3 1 0
github.com/tabeth/concreteq/handlers.go:356.2,357.34 2 1
github.com/tabeth/concreteq/handlers.go:357.34,359.3 1 1
github.com/tabeth/concreteq/handlers.go:361.2,367.33 3 1
github.com/tabeth/concreteq/handlers.go:373.83,375.61 2 1
github.com/tabeth/concreteq/handlers.go:375.61,378.3 2 0
github.com/tabeth/concreteq/handlers.go:380.2,380.24 1 1
github.com/tabeth/concreteq/handlers.go:380.24,383.3 2 1
github.com/tabeth/concreteq/handlers.go:384.2,388.16 3 1
github.com/tabeth/concreteq/handlers.go:388.16,389.49 1 1
github.com/tabeth/concreteq/handlers.go:389.49,392.4 2 1
github.com/tabeth/concreteq/handlers.go:393.3,394.9 2 0
github.com/tabeth/concreteq/handlers.go:399.2,400.54 2 1
github.com/tabeth/concreteq/handlers.go:400.54,402.3 1 1
github.com/tabeth/concreteq/handlers.go:403.2,403.66 1 1
github.com/tabeth/concreteq/handlers.go:403.66,405.3 1 1
github.com/tabeth/concreteq/handlers.go:409.2,411.42 3 1
github.com/tabeth/concreteq/handlers.go:411.42,412.20 1 1
github.com/tabeth/concreteq/handlers.go:412.20,414.9 2 1
github.com/tabeth/concreteq/handlers.go:418.2,418.14 1 1
github.com/tabeth/concreteq/handlers.go:418.14,420.3 1 1
github.com/tabeth/concreteq/handlers.go:420.8,421.43 1 1
github.com/tabeth/concreteq/handlers.go:421.43,422.42 1 1
github.com/tabeth/concreteq/handlers.go:422.42,424.5 1 1
github.com/tabeth/concreteq/handlers.go:424.10,430.5 2 1
github.com/tabeth/concreteq/handlers.go:434.2,439.33 3 1
github.com/tabeth/concreteq/handlers.go:442.83,444.61 2 1
github.com/tabeth/concreteq/handlers.go:444.61,447.3 2 0
github.com/tabeth/concreteq/handlers.go:448.2,448.24 1 1
github.com/tabeth/concreteq/handlers.go:448.24,451.3 2 1
github.com/tabeth/concreteq/handlers.go:452.2,452.30 1 1
github.com/tabeth/concreteq/handlers.go:452.30,455.3 2 1
github.com/tabeth/concreteq/handlers.go:456.2,458.59 2 1
github.com/tabeth/concreteq/handlers.go:458.59,461.3 2 0
github.com/tabeth/concreteq/handlers.go:463.2,464.16 2 1
github.com/tabeth/concreteq/handlers.go:464.16,465.49 1 1
github.com/tabeth/concreteq/handlers.go:465.49,468.4 2 0
github.com/tabeth/concreteq/handlers.go:469.3,470.9 2 1
github.com/tabeth/concreteq/handlers.go:473.2,473.30 1 1
github.com/tabeth/concreteq/handlers.go:476.76,478.61 2 1
github.com/tabeth/concreteq/handlers.go:478.61,481.3 2 0
github.com/tabeth/concreteq/handlers.go:482.2,482.25 1 1
github.com/tabeth/concreteq/handlers.go:482.25,485.3 2 1
github.com/tabeth/concreteq/handlers.go:490.2,491.16 2 1
github.com/tabeth/concreteq/handlers.go:491.16,492.49 1 1
github.com/tabeth/concreteq/handlers.go:492.49,495.4 2 1
github.com/tabeth/concreteq/handlers.go:496.3,497.9 2 0
github.com/tabeth/concreteq/handlers.go:500.2,505.33 3 1
github.com/tabeth/concreteq/handlers.go:509.75,511.61 2 1
github.com/tabeth/concreteq/handlers.go:511.61,514.3 2 0
github.com/tabeth/concreteq/handlers.go:515.2,515.24 1 1
github.com/tabeth/concreteq/handlers.go:515.24,518.3 2 1
github.com/tabeth/concreteq/handlers.go:519.2,522.16 3 1
github.com/tabeth/concreteq/handlers.go:522.16,523.49 1 1
github.com/tabeth/concreteq/handlers.go:523.49,526.4 2 1
github.com/tabeth/concreteq/handlers.go:529.3,529.52 1 1
github.com/tabeth/concreteq/handlers.go:529.52,532.4 2 1
github.com/tabeth/concreteq/handlers.go:533.3,534.9 2 0
github.com/tabeth/concreteq/handlers.go:537.2,537.30 1 1
github.com/tabeth/concreteq/handlers.go:557.52,558.21 1 1
github.com/tabeth/concreteq/handlers.go:558.21,560.3 1 0
github.com/tabeth/concreteq/handlers.go:562.2,562.109 1 1
github.com/tabeth/concreteq/handlers.go:562.109,564.3 1 1
github.com/tabeth/concreteq/handlers.go:567.2,567.98 1 1
github.com/tabeth/concreteq/handlers.go:567.98,569.3 1 0
github.com/tabeth/concreteq/handlers.go:570.2,571.14 2 1
github.com/tabeth/concreteq/handlers.go:577.37,578.22 1 1
github.com/tabeth/concreteq/handlers.go:578.22,581.40 3 1
github.com/tabeth/concreteq/handlers.go:581.40,583.4 1 1
github.com/tabeth/concreteq/handlers.go:585.2,585.13 1 1
github.com/tabeth/concreteq/handlers.go:588.100,589.24 1 1
github.com/tabeth/concreteq/handlers.go:589.24,591.3 1 1
github.com/tabeth/concreteq/handlers.go:593.2,593.65 1 1
github.com/tabeth/concreteq/handlers.go:593.65,595.3 1 1
github.com/tabeth/concreteq/handlers.go:597.2,597.29 1 1
github.com/tabeth/concreteq/handlers.go:597.29,598.55 1 1
github.com/tabeth/concreteq/handlers.go:598.55,600.4 1 0
github.com/tabeth/concreteq/handlers.go:601.3,601.44 1 1
github.com/tabeth/concreteq/handlers.go:601.44,603.4 1 1
github.com/tabeth/concreteq/handlers.go:606.2,608.39 2 1
github.com/tabeth/concreteq/handlers.go:608.39,609.14 1 1
github.com/tabeth/concreteq/handlers.go:609.14,611.4 1 1
github.com/tabeth/concreteq/handlers.go:612.3,612.45 1 1
github.com/tabeth/concreteq/handlers.go:612.45,614.4 1 1
github.com/tabeth/concreteq/handlers.go:615.3,615.52 1 1
github.com/tabeth/concreteq/handlers.go:615.52,617.4 1 1
github.com/tabeth/concreteq/handlers.go:620.2,620.12 1 1
github.com/tabeth/concreteq/handlers.go:620.12,621.32 1 1
github.com/tabeth/concreteq/handlers.go:621.32,623.4 1 1
github.com/tabeth/concreteq/handlers.go:624.3,624.37 1 1
github.com/tabeth/concreteq/handlers.go:624.37,626.4 1 1
github.com/tabeth/concreteq/handlers.go:627.3,627.44 1 1
github.com/tabeth/concreteq/handlers.go:627.44,629.4 1 1
github.com/tabeth/concreteq/handlers.go:632.2,632.37 1 1
github.com/tabeth/concreteq/handlers.go:632.37,634.3 1 1
github.com/tabeth/concreteq/handlers.go:635.2,635.48 1 1
github.com/tabeth/concreteq/handlers.go:635.48,636.41 1 1
github.com/tabeth/concreteq/handlers.go:636.41,638.4 1 1
github.com/tabeth/concreteq/handlers.go:639.3,639.21 1 1
github.com/tabeth/concreteq/handlers.go:639.21,641.4 1 0
github.com/tabeth/concreteq/handlers.go:642.3,642.26 1 1
github.com/tabeth/concreteq/handlers.go:642.26,644.4 1 1
github.com/tabeth/concreteq/handlers.go:647.2,647.54 1 1
github.com/tabeth/concreteq/handlers.go:647.54,648.31 1 1
github.com/tabeth/concreteq/handlers.go:648.31,650.4 1 1
github.com/tabeth/concreteq/handlers.go:651.3,651.32 1 1
github.com/tabeth/concreteq/handlers.go:651.32,653.4 1 1
github.com/tabeth/concreteq/handlers.go:656.2,656.12 1 1
github.com/tabeth/concreteq/handlers.go:660.76,665.16 2 1
github.com/tabeth/concreteq/handlers.go:665.16,668.3 2 0
github.com/tabeth/concreteq/handlers.go:670.2,671.56 2 1
github.com/tabeth/concreteq/handlers.go:671.56,674.3 2 0
github.com/tabeth/concreteq/handlers.go:676.2,677.72 2 1
github.com/tabeth/concreteq/handlers.go:677.72,681.3 3 1
github.com/tabeth/concreteq/handlers.go:684.2,685.16 2 1
github.com/tabeth/concreteq/handlers.go:685.16,686.49 1 1
github.com/tabeth/concreteq/handlers.go:686.49,689.4 2 1
github.com/tabeth/concreteq/handlers.go:690.3,691.9 2 0
github.com/tabeth/concreteq/handlers.go:694.2,695.33 2 1
github.com/tabeth/concreteq/handlers.go:699.81,701.16 2 1
github.com/tabeth/concreteq/handlers.go:701.16,704.3 2 0
github.com/tabeth/concreteq/handlers.go:707.2,707.31 1 1
github.com/tabeth/concreteq/handlers.go:707.31,710.3 2 1
github.com/tabeth/concreteq/handlers.go:712.2,713.56 2 1
github.com/tabeth/concreteq/handlers.go:713.56,716.3 2 0
github.com/tabeth/concreteq/handlers.go:719.2,719.24 1 1
github.com/tabeth/concreteq/handlers.go:719.24,722.3 2 0
github.com/tabeth/concreteq/handlers.go:723.2,723.27 1 1
github.com/tabeth/concreteq/handlers.go:723.27,726.3 2 1
github.com/tabeth/concreteq/handlers.go:727.2,727.27 1 1
github.com/tabeth/concreteq/handlers.go:727.27,730.3 2 1
github.com/tabeth/concreteq/handlers.go:733.2,737.36 4 1
github.com/tabeth/concreteq/handlers.go:737.36,739.41 1 1
github.com/tabeth/concreteq/handlers.go:739.41,742.4 2 1
github.com/tabeth/concreteq/handlers.go:743.3,745.55 2 1
github.com/tabeth/concreteq/handlers.go:745.55,748.4 2 1
github.com/tabeth/concreteq/handlers.go:750.3,750.40 1 1
github.com/tabeth/concreteq/handlers.go:750.40,753.4 2 0
github.com/tabeth/concreteq/handlers.go:754.3,754.45 1 1
github.com/tabeth/concreteq/handlers.go:761.2,761.33 1 1
github.com/tabeth/concreteq/handlers.go:761.33,764.3 2 0
github.com/tabeth/concreteq/handlers.go:767.2,768.16 2 1
github.com/tabeth/concreteq/handlers.go:768.16,769.49 1 1
github.com/tabeth/concreteq/handlers.go:769.49,772.4 2 1
github.com/tabeth/concreteq/handlers.go:773.3,774.9 2 0
github.com/tabeth/concreteq/handlers.go:777.2,778.33 2 1
github.com/tabeth/concreteq/handlers.go:782.79,784.61 2 1
github.com/tabeth/concreteq/handlers.go:784.61,787.3 2 0
github.com/tabeth/concreteq/handlers.go:790.2,790.24 1 1
github.com/tabeth/concreteq/handlers.go:790.24,793.3 2 0
github.com/tabeth/concreteq/handlers.go:794.2,797.65 2 1
github.com/tabeth/concreteq/handlers.go:797.65,799.35 1 1
github.com/tabeth/concreteq/handlers.go:799.35,802.4 2 1
github.com/tabeth/concreteq/handlers.go:806.2,806.57 1 1
github.com/tabeth/concreteq/handlers.go:806.57,809.3 2 1
github.com/tabeth/concreteq/handlers.go:812.2,812.64 1 1
github.com/tabeth/concreteq/handlers.go:812.64,815.3 2 1
github.com/tabeth/concreteq/handlers.go:817.2,817.39 1 1
github.com/tabeth/concreteq/handlers.go:817.39,818.45 1 1
github.com/tabeth/concreteq/handlers.go:818.45,821.4 2 1
github.com/tabeth/concreteq/handlers.go:822.3,822.52 1 1
github.com/tabeth/concreteq/handlers.go:822.52,825.4 2 1
github.com/tabeth/concreteq/handlers.go:829.2,830.43 2 1
github.com/tabeth/concreteq/handlers.go:830.43,831.46 1 1
github.com/tabeth/concreteq/handlers.go:831.46,834.4 2 1
github.com/tabeth/concreteq/handlers.go:837.2,837.49 1 1
github.com/tabeth/concreteq/handlers.go:837.49,838.41 1 1
github.com/tabeth/concreteq/handlers.go:838.41,841.4 2 1
github.com/tabeth/concreteq/handlers.go:845.2,846.16 2 1
github.com/tabeth/concreteq/handlers.go:846.16,847.49 1 1
github.com/tabeth/concreteq/handlers.go:847.49,850.4 2 1
github.com/tabeth/concreteq/handlers.go:851.3,852.9 2 0
github.com/tabeth/concreteq/handlers.go:855.2,856.33 2 1
github.com/tabeth/concreteq/handlers.go:860.78,862.61 2 1
github.com/tabeth/concreteq/handlers.go:862.61,865.3 2 0
github.com/tabeth/concreteq/handlers.go:867.2,867.24 1 1
github.com/tabeth/concreteq/handlers.go:867.24,870.3 2 1
github.com/tabeth/concreteq/handlers.go:871.2,871.29 1 1
github.com/tabeth/concreteq/handlers.go:871.29,874.3 2 1
github.com/tabeth/concreteq/handlers.go:876.2,879.16 3 1
github.com/tabeth/concreteq/handlers.go:879.16,880.52 1 1
github.com/tabeth/concreteq/handlers.go:880.52,883.4 2 1
github.com/tabeth/concreteq/handlers.go:885.3,885.49 1 1
github.com/tabeth/concreteq/handlers.go:885.49,888.4 2 1
github.com/tabeth/concreteq/handlers.go:889.3,890.9 2 0
github.com/tabeth/concreteq/handlers.go:894.2,894.30 1 1
github.com/tabeth/concreteq/handlers.go:898.83,900.61 2 1
github.com/tabeth/concreteq/handlers.go:900.61,903.3 2 1
github.com/tabeth/concreteq/handlers.go:906.2,906.24 1 1
github.com/tabeth/concreteq/handlers.go:906.24,909.3 2 1
github.com/tabeth/concreteq/handlers.go:910.2,910.27 1 1
github.com/tabeth/concreteq/handlers.go:910.27,913.3 2 1
github.com/tabeth/concreteq/handlers.go:914.2,914.27 1 1
github.com/tabeth/concreteq/handlers.go:914.27,917.3 2 1
github.com/tabeth/concreteq/handlers.go:920.2,921.36 2 1
github.com/tabeth/concreteq/handlers.go:921.36,922.21 1 1
github.com/tabeth/concreteq/handlers.go:922.21,925.4 2 1
github.com/tabeth/concreteq/handlers.go:926.3,926.41 1 1
github.com/tabeth/concreteq/handlers.go:926.41,929.4 2 1
github.com/tabeth/concreteq/handlers.go:930.3,930.29 1 1
github.com/tabeth/concreteq/handlers.go:933.2,936.16 3 1
github.com/tabeth/concreteq/handlers.go:936.16,937.49 1 1
github.com/tabeth/concreteq/handlers.go:937.49,940.4 2 1
github.com/tabeth/concreteq/handlers.go:941.3,942.9 2 1
github.com/tabeth/concreteq/handlers.go:945.2,946.33 2 1
github.com/tabeth/concreteq/handlers.go:951.88,953.61 2 1
github.com/tabeth/concreteq/handlers.go:953.61,956.3 2 0
github.com/tabeth/concreteq/handlers.go:958.2,958.24 1 1
github.com/tabeth/concreteq/handlers.go:958.24,961.3 2 1
github.com/tabeth/concreteq/handlers.go:962.2,962.29 1 1
github.com/tabeth/concreteq/handlers.go:962.29,965.3 2 1
github.com/tabeth/concreteq/handlers.go:968.2,968.64 1 1
github.com/tabeth/concreteq/handlers.go:968.64,971.3 2 1
github.com/tabeth/concreteq/handlers.go:973.2,976.16 3 1
github.com/tabeth/concreteq/handlers.go:976.16,977.52 1 1
github.com/tabeth/concreteq/handlers.go:977.52,980.4 2 1
github.com/tabeth/concreteq/handlers.go:981.3,981.49 1 1
github.com/tabeth/concreteq/handlers.go:981.49,984.4 2 1
github.com/tabeth/concreteq/handlers.go:986.3,986.50 1 1
github.com/tabeth/concreteq/handlers.go:986.50,989.4 2 1
github.com/tabeth/concreteq/handlers.go:990.3,991.9 2 0
github.com/tabeth/concreteq/handlers.go:994.2,994.30 1 1
github.com/tabeth/concreteq/handlers.go:997.93,999.61 2 1
github.com/tabeth/concreteq/handlers.go:999.61,1002.3 2 1
github.com/tabeth/concreteq/handlers.go:1003.2,1003.24 1 1
github.com/tabeth/concreteq/handlers.go:1003.24,1006.3 2 1
github.com/tabeth/concreteq/handlers.go:1007.2,1007.27 1 1
github.com/tabeth/concreteq/handlers.go:1007.27,1010.3 2 1
github.com/tabeth/concreteq/handlers.go:1011.2,1011.27 1 1
github.com/tabeth/concreteq/handlers.go:1011.27,1014.3 2 1
github.com/tabeth/concreteq/handlers.go:1016.2,1018.36 3 1
github.com/tabeth/concreteq/handlers.go:1018.36,1020.3 1 1
github.com/tabeth/concreteq/handlers.go:1022.2,1023.16 2 1
github.com/tabeth/concreteq/handlers.go:1023.16,1024.49 1 1
github.com/tabeth/concreteq/handlers.go:1024.49,1027.4 2 1
github.com/tabeth/concreteq/handlers.go:1028.3,1029.9 2 1
github.com/tabeth/concreteq/handlers.go:1032.2,1033.33 2 1
github.com/tabeth/concreteq/handlers.go:1035.78,1037.2 1 1
github.com/tabeth/concreteq/handlers.go:1038.81,1040.2 1 1
github.com/tabeth/concreteq/handlers.go:1041.78,1043.2 1 1
github.com/tabeth/concreteq/handlers.go:1044.73,1046.2 1 1
github.com/tabeth/concreteq/handlers.go:1047.75,1049.2 1 1
github.com/tabeth/concreteq/handlers.go:1050.91,1052.2 1 1
github.com/tabeth/concreteq/handlers.go:1053.85,1055.2 1 1
github.com/tabeth/concreteq/handlers.go:1056.86,1058.2 1 1
github.com/tabeth/concreteq/handlers.go:1059.85,1061.2 1 1
github.com/tabeth/concreteq/main.go:20.13,33.16 4 1
github.com/tabeth/concreteq/main.go:33.16,35.3 1 0
github.com/tabeth/concreteq/main.go:40.2,64.53 8 1
github.com/tabeth/concreteq/main.go:64.53,66.3 1 0
